[20:41:57] [main/INFO] (FabricLoader/GameProvider) Loading Minecraft 1.16.5 with Fabric Loader 0.13.3
[20:41:57] [main/INFO] (FabricLoader) Loading 49 mods:
	- fabric 0.42.0+1.16
	- fabric-api-base 0.4.0+3cc0f0907d
	- fabric-api-lookup-api-v1 1.3.1+3cc0f0907d
	- fabric-biome-api-v1 3.1.13+3cc0f0907d
	- fabric-blockrenderlayer-v1 1.1.6+3cc0f0907d
	- fabric-command-api-v1 1.1.3+3cc0f0907d
	- fabric-commands-v0 0.2.3+3cc0f0907d
	- fabric-containers-v0 0.1.12+3cc0f0907d
	- fabric-content-registries-v0 0.2.5+3cc0f0907d
	- fabric-crash-report-info-v1 0.1.4+3cc0f0907d
	- fabric-dimensions-v1 2.0.8+3cc0f0907d
	- fabric-entity-events-v1 1.2.4+3cc0f0907d
	- fabric-events-interaction-v0 0.4.5+3cc0f0907d
	- fabric-events-lifecycle-v0 0.2.2+3cc0f0907d
	- fabric-game-rule-api-v1 1.0.7+3cc0f0907d
	- fabric-item-api-v1 1.2.2+3cc0f0907d
	- fabric-item-groups-v0 0.3.1+3cc0f0907d
	- fabric-key-binding-api-v1 1.0.5+3cc0f0907d
	- fabric-keybindings-v0 0.2.2+3cc0f0907d
	- fabric-lifecycle-events-v1 1.2.2+3cc0f0907d
	- fabric-loot-tables-v1 1.0.3+3cc0f0907d
	- fabric-mining-levels-v0 0.1.4+3cc0f0907d
	- fabric-models-v0 0.3.1+3cc0f0907d
	- fabric-networking-api-v1 1.0.5+3cc0f0907d
	- fabric-networking-blockentity-v0 0.2.9+3cc0f0907d
	- fabric-networking-v0 0.3.3+3cc0f0907d
	- fabric-object-builder-api-v1 1.9.6+3cc0f0907d
	- fabric-object-builders-v0 0.7.3+3cc0f0907d
	- fabric-particles-v1 0.2.5+3cc0f0907d
	- fabric-registry-sync-v0 0.7.6+3cc0f0907d
	- fabric-renderer-api-v1 0.4.5+3cc0f0907d
	- fabric-renderer-indigo 0.4.5+3cc0f0907d
	- fabric-renderer-registries-v1 2.3.1+3cc0f0907d
	- fabric-rendering-data-attachment-v1 0.1.6+3cc0f0907d
	- fabric-rendering-fluids-v1 0.1.15+3cc0f0907d
	- fabric-rendering-v0 1.1.3+3cc0f0907d
	- fabric-rendering-v1 1.6.1+3cc0f0907d
	- fabric-resource-loader-v0 0.4.8+3cc0f0907d
	- fabric-screen-api-v1 1.0.1+3cc0f0907d
	- fabric-screen-handler-api-v1 1.1.6+3cc0f0907d
	- fabric-structure-api-v1 1.1.12+3cc0f0907d
	- fabric-tag-extensions-v0 1.1.2+3cc0f0907d
	- fabric-textures-v0 1.0.7+3cc0f0907d
	- fabric-tool-attribute-api-v1 1.2.8+3cc0f0907d
	- fabric-transfer-api-v1 1.5.0+3cc0f0907d
	- fabricloader 0.13.3
	- java 17
	- librgetter 0.0.1
	- minecraft 1.16.5
[20:41:57] [main/INFO] (FabricLoader/Mixin) SpongePowered MIXIN Subsystem Version=0.8.5 Source=file:/home/gxlg/.gradle/caches/modules-2/files-2.1/net.fabricmc/sponge-mixin/0.11.2+mixin.0.8.5/f4ae569d559b5e3244b67321945261d83ff7ad8e/sponge-mixin-0.11.2+mixin.0.8.5.jar Service=Knot/Fabric Env=CLIENT
[20:41:57] [main/INFO] (FabricLoader/Mixin) Loaded Fabric development mappings for mixin remapper!
[20:42:03] [main/INFO] (Minecraft) Environment: authHost='https://authserver.mojang.com', accountsHost='https://api.mojang.com', sessionHost='https://sessionserver.mojang.com', servicesHost='https://api.minecraftservices.com', name='PROD'
[20:42:04] [main/ERROR] (Minecraft) Failed to verify authentication
com.mojang.authlib.exceptions.AuthenticationUnavailableException: null
	at com.mojang.authlib.yggdrasil.YggdrasilSocialInteractionsService.checkPrivileges(YggdrasilSocialInteractionsService.java:97) ~[authlib-2.1.28.jar:?]
	at com.mojang.authlib.yggdrasil.YggdrasilSocialInteractionsService.<init>(YggdrasilSocialInteractionsService.java:40) ~[authlib-2.1.28.jar:?]
	at com.mojang.authlib.yggdrasil.YggdrasilAuthenticationService.createSocialInteractionsService(YggdrasilAuthenticationService.java:152) ~[authlib-2.1.28.jar:?]
	at net.minecraft.client.MinecraftClient.method_31382(MinecraftClient.java:612) [minecraft-merged-named.jar:?]
	at net.minecraft.client.MinecraftClient.<init>(MinecraftClient.java:464) [minecraft-merged-named.jar:?]
	at net.minecraft.client.main.Main.main(Main.java:157) [minecraft-merged-named.jar:?]
	at jdk.internal.reflect.NativeMethodAccessorImpl.invoke0(Native Method) ~[?:?]
	at jdk.internal.reflect.NativeMethodAccessorImpl.invoke(NativeMethodAccessorImpl.java:77) ~[?:?]
	at jdk.internal.reflect.DelegatingMethodAccessorImpl.invoke(DelegatingMethodAccessorImpl.java:43) ~[?:?]
	at java.lang.reflect.Method.invoke(Method.java:568) ~[?:?]
	at net.fabricmc.loader.impl.game.minecraft.MinecraftGameProvider.launch(MinecraftGameProvider.java:416) [fabric-loader-0.13.3.jar:?]
	at net.fabricmc.loader.impl.launch.knot.Knot.launch(Knot.java:77) [fabric-loader-0.13.3.jar:?]
	at net.fabricmc.loader.impl.launch.knot.KnotClient.main(KnotClient.java:23) [fabric-loader-0.13.3.jar:?]
	at net.fabricmc.devlaunchinjector.Main.main(Main.java:86) [dev-launch-injector-0.2.1+build.8.jar:?]
[20:42:04] [main/INFO] (Minecraft) Setting user: Player606
[20:42:04] [main/INFO] (librgetter) Hello World from LibrGetter!
[20:42:05] [main/INFO] (Indigo) [Indigo] Registering Indigo renderer!
[20:42:06] [main/INFO] (Minecraft) Backend library: LWJGL version 3.2.2 build 10
[20:42:10] [main/WARN] (Minecraft) ERROR : Couldn't load Narrator library : Unable to load library 'fliteWrapper': Native library (linux-x86-64/libfliteWrapper.so) not found in resource path (/home/gxlg/fabric/libr-getter/build/classes/java/main:/home/gxlg/fabric/libr-getter/build/resources/main:/home/gxlg/.gradle/caches/modules-2/files-2.1/net.fabricmc/tiny-mappings-parser/0.3.0+build.17/2f10540a290e382a7cd35c16ec3900046a4e252/tiny-mappings-parser-0.3.0+build.17.jar:/home/gxlg/.gradle/caches/modules-2/files-2.1/net.fabricmc/sponge-mixin/0.11.2+mixin.0.8.5/f4ae569d559b5e3244b67321945261d83ff7ad8e/sponge-mixin-0.11.2+mixin.0.8.5.jar:/home/gxlg/.gradle/caches/modules-2/files-2.1/net.fabricmc/tiny-remapper/0.8.1/d220c092cd1446d5f2668b53e71abe23a12cb8cf/tiny-remapper-0.8.1.jar:/home/gxlg/.gradle/caches/modules-2/files-2.1/net.fabricmc/access-widener/2.1.0/f62a27adbfd8ab4d4fa5681793039f2c0b177155/access-widener-2.1.0.jar:/home/gxlg/.gradle/caches/modules-2/files-2.1/org.ow2.asm/asm/9.2/81a03f76019c67362299c40e0ba13405f5467bff/asm-9.2.jar:/home/gxlg/.gradle/caches/modules-2/files-2.1/org.ow2.asm/asm-analysis/9.2/7487dd756daf96cab9986e44b9d7bcb796a61c10/asm-analysis-9.2.jar:/home/gxlg/.gradle/caches/modules-2/files-2.1/org.ow2.asm/asm-commons/9.2/f4d7f0fc9054386f2893b602454d48e07d4fbead/asm-commons-9.2.jar:/home/gxlg/.gradle/caches/modules-2/files-2.1/org.ow2.asm/asm-tree/9.2/d96c99a30f5e1a19b0e609dbb19a44d8518ac01e/asm-tree-9.2.jar:/home/gxlg/.gradle/caches/modules-2/files-2.1/org.ow2.asm/asm-util/9.2/fbc178fc5ba3dab50fd7e8a5317b8b647c8e8946/asm-util-9.2.jar:/home/gxlg/.gradle/caches/modules-2/files-2.1/com.mojang/patchy/1.3.9/eb8bb7b66fa0e2152b1b40b3856e82f7619439ee/patchy-1.3.9.jar:/home/gxlg/.gradle/caches/modules-2/files-2.1/oshi-project/oshi-core/1.1/9ddf7b048a8d701be231c0f4f95fd986198fd2d8/oshi-core-1.1.jar:/home/gxlg/.gradle/caches/modules-2/files-2.1/com.mojang/text2speech/1.11.3/f378f889797edd7df8d32272c06ca80a1b6b0f58/text2speech-1.11.3.jar:/home/gxlg/.gradle/caches/modules-2/files-2.1/ca.weblite/java-objc-bridge/1.0.0/6ef160c3133a78de015830860197602ca1c855d3/java-objc-bridge-1.0.0.jar:/home/gxlg/.gradle/caches/modules-2/files-2.1/net.java.dev.jna/jna/4.4.0/cb208278274bf12ebdb56c61bd7407e6f774d65a/jna-4.4.0.jar:/home/gxlg/.gradle/caches/modules-2/files-2.1/net.java.dev.jna/platform/3.4.0/e3f70017be8100d3d6923f50b3d2ee17714e9c13/platform-3.4.0.jar:/home/gxlg/.gradle/caches/modules-2/files-2.1/com.ibm.icu/icu4j/66.1/72c7519b6d91f7a1f993bd44a99fe95d67211b27/icu4j-66.1.jar:/home/gxlg/.gradle/caches/modules-2/files-2.1/com.mojang/javabridge/1.0.22/6aa6453aa99a52a5cd91749da1af6ab70e082ab3/javabridge-1.0.22.jar:/home/gxlg/.gradle/caches/modules-2/files-2.1/net.sf.jopt-simple/jopt-simple/5.0.3/cdd846cfc4e0f7eefafc02c0f5dce32b9303aa2a/jopt-simple-5.0.3.jar:/home/gxlg/.gradle/caches/modules-2/files-2.1/io.netty/netty-all/4.1.25.Final/d0626cd3108294d1d58c05859add27b4ef21f83b/netty-all-4.1.25.Final.jar:/home/gxlg/.gradle/caches/modules-2/files-2.1/com.mojang/datafixerupper/4.0.26/ebd6690f33871ccee9b6132c6480668ee2e35020/datafixerupper-4.0.26.jar:/home/gxlg/.gradle/caches/modules-2/files-2.1/com.mojang/authlib/2.1.28/ad54da276bf59983d02d5ed16fc14541354c71fd/authlib-2.1.28.jar:/home/gxlg/.gradle/caches/modules-2/files-2.1/com.google.guava/guava/21.0/3a3d111be1be1b745edfa7d91678a12d7ed38709/guava-21.0.jar:/home/gxlg/.gradle/caches/modules-2/files-2.1/org.apache.commons/commons-lang3/3.5/6c6c702c89bfff3cd9e80b04d668c5e190d588c6/commons-lang3-3.5.jar:/home/gxlg/.gradle/caches/modules-2/files-2.1/commons-io/commons-io/2.5/2852e6e05fbb95076fc091f6d1780f1f8fe35e0f/commons-io-2.5.jar:/home/gxlg/.gradle/caches/modules-2/files-2.1/org.apache.httpcomponents/httpclient/4.3.3/18f4247ff4572a074444572cee34647c43e7c9c7/httpclient-4.3.3.jar:/home/gxlg/.gradle/caches/modules-2/files-2.1/commons-codec/commons-codec/1.10/4b95f4897fa13f2cd904aee711aeafc0c5295cd8/commons-codec-1.10.jar:/home/gxlg/.gradle/caches/modules-2/files-2.1/net.java.jinput/jinput/2.0.5/39c7796b469a600f72380316f6b1f11db6c2c7c4/jinput-2.0.5.jar:/home/gxlg/.gradle/caches/modules-2/files-2.1/net.java.jutils/jutils/1.0.0/e12fe1fda814bd348c1579329c86943d2cd3c6a6/jutils-1.0.0.jar:/home/gxlg/.gradle/caches/modules-2/files-2.1/com.mojang/brigadier/1.0.17/c6b7dc51dd44379cc751b7504816006e9be4b1e6/brigadier-1.0.17.jar:/home/gxlg/.gradle/caches/modules-2/files-2.1/com.google.code.gson/gson/2.8.0/c4ba5371a29ac9b2ad6129b1d39ea38750043eff/gson-2.8.0.jar:/home/gxlg/.gradle/caches/modules-2/files-2.1/org.apache.commons/commons-compress/1.8.1/a698750c16740fd5b3871425f4cb3bbaa87f529d/commons-compress-1.8.1.jar:/home/gxlg/.gradle/caches/modules-2/files-2.1/commons-logging/commons-logging/1.1.3/f6f66e966c70a83ffbdb6f17a0919eaf7c8aca7f/commons-logging-1.1.3.jar:/home/gxlg/.gradle/caches/modules-2/files-2.1/org.apache.httpcomponents/httpcore/4.3.2/31fbbff1ddbf98f3aa7377c94d33b0447c646b6e/httpcore-4.3.2.jar:/home/gxlg/.gradle/caches/modules-2/files-2.1/it.unimi.dsi/fastutil/8.2.1/5ad88f325e424f8dbc2be5459e21ea5cab3864e9/fastutil-8.2.1.jar:/home/gxlg/.gradle/caches/modules-2/files-2.1/org.apache.logging.log4j/log4j-core/2.8.1/4ac28ff2f1ddf05dae3043a190451e8c46b73c31/log4j-core-2.8.1.jar:/home/gxlg/.gradle/caches/modules-2/files-2.1/org.apache.logging.log4j/log4j-api/2.8.1/e801d13612e22cad62a3f4f3fe7fdbe6334a8e72/log4j-api-2.8.1.jar:/home/gxlg/.gradle/caches/modules-2/files-2.1/org.lwjgl/lwjgl-jemalloc/3.2.2/ee8e57a79300f78294576d87c4a587f8c99402e2/lwjgl-jemalloc-3.2.2.jar:/home/gxlg/.gradle/caches/modules-2/files-2.1/org.lwjgl/lwjgl-openal/3.2.2/2b772a102b0a11ee5f2109a5b136f4dc7c630827/lwjgl-openal-3.2.2.jar:/home/gxlg/.gradle/caches/modules-2/files-2.1/org.lwjgl/lwjgl-opengl/3.2.2/6ac5bb88b44c43ea195a570aab059f63da004cd8/lwjgl-opengl-3.2.2.jar:/home/gxlg/.gradle/caches/modules-2/files-2.1/org.lwjgl/lwjgl-glfw/3.2.2/d3ad4df38e400b8afba1de63f84338809399df5b/lwjgl-glfw-3.2.2.jar:/home/gxlg/.gradle/caches/modules-2/files-2.1/org.lwjgl/lwjgl-stb/3.2.2/3b8e6ebc5851dd3d17e37e5cadce2eff2a429f0f/lwjgl-stb-3.2.2.jar:/home/gxlg/.gradle/caches/modules-2/files-2.1/org.lwjgl/lwjgl-tinyfd/3.2.2/fcbe606c8f8da6f8f9a05e2c540eb1ee8632b0e9/lwjgl-tinyfd-3.2.2.jar:/home/gxlg/.gradle/caches/modules-2/files-2.1/org.lwjgl/lwjgl/3.2.2/8ad6294407e15780b43e84929c40e4c5e997972e/lwjgl-3.2.2.jar:/home/gxlg/.gradle/caches/fabric-loom/1.16.5/net.fabricmc.yarn.1_16_5.1.16.5+build.10-v2/minecraft-merged-named.jar:/home/gxlg/fabric/libr-getter/.gradle/loom-cache/remapped_mods/net_fabricmc_yarn_1_16_5_1_16_5_build_10_v2/net/fabricmc/fabric-api/fabric-api/0.42.0+1.16/fabric-api-0.42.0+1.16.jar:/home/gxlg/fabric/libr-getter/.gradle/loom-cache/remapped_mods/net_fabricmc_yarn_1_16_5_1_16_5_build_10_v2/net/fabricmc/fabric-api/fabric-transfer-api-v1/1.5.0+3cc0f0907d/fabric-transfer-api-v1-1.5.0+3cc0f0907d.jar:/home/gxlg/fabric/libr-getter/.gradle/loom-cache/remapped_mods/net_fabricmc_yarn_1_16_5_1_16_5_build_10_v2/net/fabricmc/fabric-api/fabric-api-lookup-api-v1/1.3.1+3cc0f0907d/fabric-api-lookup-api-v1-1.3.1+3cc0f0907d.jar:/home/gxlg/fabric/libr-getter/.gradle/loom-cache/remapped_mods/net_fabricmc_yarn_1_16_5_1_16_5_build_10_v2/net/fabricmc/fabric-api/fabric-blockrenderlayer-v1/1.1.6+3cc0f0907d/fabric-blockrenderlayer-v1-1.1.6+3cc0f0907d.jar:/home/gxlg/fabric/libr-getter/.gradle/loom-cache/remapped_mods/net_fabricmc_yarn_1_16_5_1_16_5_build_10_v2/net/fabricmc/fabric-api/fabric-commands-v0/0.2.3+3cc0f0907d/fabric-commands-v0-0.2.3+3cc0f0907d.jar:/home/gxlg/fabric/libr-getter/.gradle/loom-cache/remapped_mods/net_fabricmc_yarn_1_16_5_1_16_5_build_10_v2/net/fabricmc/fabric-api/fabric-command-api-v1/1.1.3+3cc0f0907d/fabric-command-api-v1-1.1.3+3cc0f0907d.jar:/home/gxlg/fabric/libr-getter/.gradle/loom-cache/remapped_mods/net_fabricmc_yarn_1_16_5_1_16_5_build_10_v2/net/fabricmc/fabric-api/fabric-containers-v0/0.1.12+3cc0f0907d/fabric-containers-v0-0.1.12+3cc0f0907d.jar:/home/gxlg/fabric/libr-getter/.gradle/loom-cache/remapped_mods/net_fabricmc_yarn_1_16_5_1_16_5_build_10_v2/net/fabricmc/fabric-api/fabric-content-registries-v0/0.2.5+3cc0f0907d/fabric-content-registries-v0-0.2.5+3cc0f0907d.jar:/home/gxlg/fabric/libr-getter/.gradle/loom-cache/remapped_mods/net_fabricmc_yarn_1_16_5_1_16_5_build_10_v2/net/fabricmc/fabric-api/fabric-dimensions-v1/2.0.8+3cc0f0907d/fabric-dimensions-v1-2.0.8+3cc0f0907d.jar:/home/gxlg/fabric/libr-getter/.gradle/loom-cache/remapped_mods/net_fabricmc_yarn_1_16_5_1_16_5_build_10_v2/net/fabricmc/fabric-api/fabric-entity-events-v1/1.2.4+3cc0f0907d/fabric-entity-events-v1-1.2.4+3cc0f0907d.jar:/home/gxlg/fabric/libr-getter/.gradle/loom-cache/remapped_mods/net_fabricmc_yarn_1_16_5_1_16_5_build_10_v2/net/fabricmc/fabric-api/fabric-events-interaction-v0/0.4.5+3cc0f0907d/fabric-events-interaction-v0-0.4.5+3cc0f0907d.jar:/home/gxlg/fabric/libr-getter/.gradle/loom-cache/remapped_mods/net_fabricmc_yarn_1_16_5_1_16_5_build_10_v2/net/fabricmc/fabric-api/fabric-events-lifecycle-v0/0.2.2+3cc0f0907d/fabric-events-lifecycle-v0-0.2.2+3cc0f0907d.jar:/home/gxlg/fabric/libr-getter/.gradle/loom-cache/remapped_mods/net_fabricmc_yarn_1_16_5_1_16_5_build_10_v2/net/fabricmc/fabric-api/fabric-item-api-v1/1.2.2+3cc0f0907d/fabric-item-api-v1-1.2.2+3cc0f0907d.jar:/home/gxlg/fabric/libr-getter/.gradle/loom-cache/remapped_mods/net_fabricmc_yarn_1_16_5_1_16_5_build_10_v2/net/fabricmc/fabric-api/fabric-item-groups-v0/0.3.1+3cc0f0907d/fabric-item-groups-v0-0.3.1+3cc0f0907d.jar:/home/gxlg/fabric/libr-getter/.gradle/loom-cache/remapped_mods/net_fabricmc_yarn_1_16_5_1_16_5_build_10_v2/net/fabricmc/fabric-api/fabric-structure-api-v1/1.1.12+3cc0f0907d/fabric-structure-api-v1-1.1.12+3cc0f0907d.jar:/home/gxlg/fabric/libr-getter/.gradle/loom-cache/remapped_mods/net_fabricmc_yarn_1_16_5_1_16_5_build_10_v2/net/fabricmc/fabric-api/fabric-lifecycle-events-v1/1.2.2+3cc0f0907d/fabric-lifecycle-events-v1-1.2.2+3cc0f0907d.jar:/home/gxlg/fabric/libr-getter/.gradle/loom-cache/remapped_mods/net_fabricmc_yarn_1_16_5_1_16_5_build_10_v2/net/fabricmc/fabric-api/fabric-loot-tables-v1/1.0.3+3cc0f0907d/fabric-loot-tables-v1-1.0.3+3cc0f0907d.jar:/home/gxlg/fabric/libr-getter/.gradle/loom-cache/remapped_mods/net_fabricmc_yarn_1_16_5_1_16_5_build_10_v2/net/fabricmc/fabric-api/fabric-mining-levels-v0/0.1.4+3cc0f0907d/fabric-mining-levels-v0-0.1.4+3cc0f0907d.jar:/home/gxlg/fabric/libr-getter/.gradle/loom-cache/remapped_mods/net_fabricmc_yarn_1_16_5_1_16_5_build_10_v2/net/fabricmc/fabric-api/fabric-models-v0/0.3.1+3cc0f0907d/fabric-models-v0-0.3.1+3cc0f0907d.jar:/home/gxlg/fabric/libr-getter/.gradle/loom-cache/remapped_mods/net_fabricmc_yarn_1_16_5_1_16_5_build_10_v2/net/fabricmc/fabric-api/fabric-networking-v0/0.3.3+3cc0f0907d/fabric-networking-v0-0.3.3+3cc0f0907d.jar:/home/gxlg/fabric/libr-getter/.gradle/loom-cache/remapped_mods/net_fabricmc_yarn_1_16_5_1_16_5_build_10_v2/net/fabricmc/fabric-api/fabric-registry-sync-v0/0.7.6+3cc0f0907d/fabric-registry-sync-v0-0.7.6+3cc0f0907d.jar:/home/gxlg/fabric/libr-getter/.gradle/loom-cache/remapped_mods/net_fabricmc_yarn_1_16_5_1_16_5_build_10_v2/net/fabricmc/fabric-api/fabric-screen-handler-api-v1/1.1.6+3cc0f0907d/fabric-screen-handler-api-v1-1.1.6+3cc0f0907d.jar:/home/gxlg/fabric/libr-getter/.gradle/loom-cache/remapped_mods/net_fabricmc_yarn_1_16_5_1_16_5_build_10_v2/net/fabricmc/fabric-api/fabric-networking-api-v1/1.0.5+3cc0f0907d/fabric-networking-api-v1-1.0.5+3cc0f0907d.jar:/home/gxlg/fabric/libr-getter/.gradle/loom-cache/remapped_mods/net_fabricmc_yarn_1_16_5_1_16_5_build_10_v2/net/fabricmc/fabric-api/fabric-networking-blockentity-v0/0.2.9+3cc0f0907d/fabric-networking-blockentity-v0-0.2.9+3cc0f0907d.jar:/home/gxlg/fabric/libr-getter/.gradle/loom-cache/remapped_mods/net_fabricmc_yarn_1_16_5_1_16_5_build_10_v2/net/fabricmc/fabric-api/fabric-object-builders-v0/0.7.3+3cc0f0907d/fabric-object-builders-v0-0.7.3+3cc0f0907d.jar:/home/gxlg/fabric/libr-getter/.gradle/loom-cache/remapped_mods/net_fabricmc_yarn_1_16_5_1_16_5_build_10_v2/net/fabricmc/fabric-api/fabric-object-builder-api-v1/1.9.6+3cc0f0907d/fabric-object-builder-api-v1-1.9.6+3cc0f0907d.jar:/home/gxlg/fabric/libr-getter/.gradle/loom-cache/remapped_mods/net_fabricmc_yarn_1_16_5_1_16_5_build_10_v2/net/fabricmc/fabric-api/fabric-particles-v1/0.2.5+3cc0f0907d/fabric-particles-v1-0.2.5+3cc0f0907d.jar:/home/gxlg/fabric/libr-getter/.gradle/loom-cache/remapped_mods/net_fabricmc_yarn_1_16_5_1_16_5_build_10_v2/net/fabricmc/fabric-api/fabric-renderer-indigo/0.4.5+3cc0f0907d/fabric-renderer-indigo-0.4.5+3cc0f0907d.jar:/home/gxlg/fabric/libr-getter/.gradle/loom-cache/remapped_mods/net_fabricmc_yarn_1_16_5_1_16_5_build_10_v2/net/fabricmc/fabric-api/fabric-renderer-api-v1/0.4.5+3cc0f0907d/fabric-renderer-api-v1-0.4.5+3cc0f0907d.jar:/home/gxlg/fabric/libr-getter/.gradle/loom-cache/remapped_mods/net_fabricmc_yarn_1_16_5_1_16_5_build_10_v2/net/fabricmc/fabric-api/fabric-renderer-registries-v1/2.3.1+3cc0f0907d/fabric-renderer-registries-v1-2.3.1+3cc0f0907d.jar:/home/gxlg/fabric/libr-getter/.gradle/loom-cache/remapped_mods/net_fabricmc_yarn_1_16_5_1_16_5_build_10_v2/net/fabricmc/fabric-api/fabric-rendering-data-attachment-v1/0.1.6+3cc0f0907d/fabric-rendering-data-attachment-v1-0.1.6+3cc0f0907d.jar:/home/gxlg/fabric/libr-getter/.gradle/loom-cache/remapped_mods/net_fabricmc_yarn_1_16_5_1_16_5_build_10_v2/net/fabricmc/fabric-api/fabric-rendering-fluids-v1/0.1.15+3cc0f0907d/fabric-rendering-fluids-v1-0.1.15+3cc0f0907d.jar:/home/gxlg/fabric/libr-getter/.gradle/loom-cache/remapped_mods/net_fabricmc_yarn_1_16_5_1_16_5_build_10_v2/net/fabricmc/fabric-api/fabric-rendering-v0/1.1.3+3cc0f0907d/fabric-rendering-v0-1.1.3+3cc0f0907d.jar:/home/gxlg/fabric/libr-getter/.gradle/loom-cache/remapped_mods/net_fabricmc_yarn_1_16_5_1_16_5_build_10_v2/net/fabricmc/fabric-api/fabric-rendering-v1/1.6.1+3cc0f0907d/fabric-rendering-v1-1.6.1+3cc0f0907d.jar:/home/gxlg/fabric/libr-getter/.gradle/loom-cache/remapped_mods/net_fabricmc_yarn_1_16_5_1_16_5_build_10_v2/net/fabricmc/fabric-api/fabric-screen-api-v1/1.0.1+3cc0f0907d/fabric-screen-api-v1-1.0.1+3cc0f0907d.jar:/home/gxlg/fabric/libr-getter/.gradle/loom-cache/remapped_mods/net_fabricmc_yarn_1_16_5_1_16_5_build_10_v2/net/fabricmc/fabric-api/fabric-tool-attribute-api-v1/1.2.8+3cc0f0907d/fabric-tool-attribute-api-v1-1.2.8+3cc0f0907d.jar:/home/gxlg/fabric/libr-getter/.gradle/loom-cache/remapped_mods/net_fabricmc_yarn_1_16_5_1_16_5_build_10_v2/net/fabricmc/fabric-api/fabric-tag-extensions-v0/1.1.2+3cc0f0907d/fabric-tag-extensions-v0-1.1.2+3cc0f0907d.jar:/home/gxlg/fabric/libr-getter/.gradle/loom-cache/remapped_mods/net_fabricmc_yarn_1_16_5_1_16_5_build_10_v2/net/fabricmc/fabric-api/fabric-textures-v0/1.0.7+3cc0f0907d/fabric-textures-v0-1.0.7+3cc0f0907d.jar:/home/gxlg/fabric/libr-getter/.gradle/loom-cache/remapped_mods/net_fabricmc_yarn_1_16_5_1_16_5_build_10_v2/net/fabricmc/fabric-api/fabric-api-base/0.4.0+3cc0f0907d/fabric-api-base-0.4.0+3cc0f0907d.jar:/home/gxlg/fabric/libr-getter/.gradle/loom-cache/remapped_mods/net_fabricmc_yarn_1_16_5_1_16_5_build_10_v2/net/fabricmc/fabric-api/fabric-biome-api-v1/3.1.13+3cc0f0907d/fabric-biome-api-v1-3.1.13+3cc0f0907d.jar:/home/gxlg/fabric/libr-getter/.gradle/loom-cache/remapped_mods/net_fabricmc_yarn_1_16_5_1_16_5_build_10_v2/net/fabricmc/fabric-api/fabric-crash-report-info-v1/0.1.4+3cc0f0907d/fabric-crash-report-info-v1-0.1.4+3cc0f0907d.jar:/home/gxlg/fabric/libr-getter/.gradle/loom-cache/remapped_mods/net_fabricmc_yarn_1_16_5_1_16_5_build_10_v2/net/fabricmc/fabric-api/fabric-game-rule-api-v1/1.0.7+3cc0f0907d/fabric-game-rule-api-v1-1.0.7+3cc0f0907d.jar:/home/gxlg/fabric/libr-getter/.gradle/loom-cache/remapped_mods/net_fabricmc_yarn_1_16_5_1_16_5_build_10_v2/net/fabricmc/fabric-api/fabric-keybindings-v0/0.2.2+3cc0f0907d/fabric-keybindings-v0-0.2.2+3cc0f0907d.jar:/home/gxlg/fabric/libr-getter/.gradle/loom-cache/remapped_mods/net_fabricmc_yarn_1_16_5_1_16_5_build_10_v2/net/fabricmc/fabric-api/fabric-key-binding-api-v1/1.0.5+3cc0f0907d/fabric-key-binding-api-v1-1.0.5+3cc0f0907d.jar:/home/gxlg/fabric/libr-getter/.gradle/loom-cache/remapped_mods/net_fabricmc_yarn_1_16_5_1_16_5_build_10_v2/net/fabricmc/fabric-api/fabric-resource-loader-v0/0.4.8+3cc0f0907d/fabric-resource-loader-v0-0.4.8+3cc0f0907d.jar:/home/gxlg/fabric/libr-getter/.gradle/loom-cache/remapped_mods/net_fabricmc_yarn_1_16_5_1_16_5_build_10_v2/net/fabricmc/fabric-loader/0.13.3/fabric-loader-0.13.3.jar:/home/gxlg/.gradle/caches/modules-2/files-2.1/com.google.code.findbugs/jsr305/2.0.1/516c03b21d50a644d538de0f0369c620989cd8f0/jsr305-2.0.1.jar:/home/gxlg/.gradle/caches/fabric-loom/1.16.5/net.fabricmc.yarn.1_16_5.1.16.5+build.10-v2/mappings.jar:/home/gxlg/.gradle/caches/modules-2/files-2.1/net.fabricmc/dev-launch-injector/0.2.1+build.8/da8bef7e6e2f952da707f282bdb46882a0fce5e3/dev-launch-injector-0.2.1+build.8.jar:/home/gxlg/.gradle/caches/modules-2/files-2.1/net.minecrell/terminalconsoleappender/1.2.0/96d02cd3b384ff015a8fef4223bcb4ccf1717c95/terminalconsoleappender-1.2.0.jar:/home/gxlg/.gradle/caches/modules-2/files-2.1/org.jline/jline-reader/3.12.1/4382ab1382c7b6f379377ed5f665dc2f6e1218bc/jline-reader-3.12.1.jar:/home/gxlg/.gradle/caches/modules-2/files-2.1/net.java.jinput/jinput-platform/2.0.5/7ff832a6eb9ab6a767f1ade2b548092d0fa64795/jinput-platform-2.0.5-natives-linux.jar:/home/gxlg/.gradle/caches/modules-2/files-2.1/net.java.jinput/jinput-platform/2.0.5/53f9c919f34d2ca9de8c51fc4e1e8282029a9232/jinput-platform-2.0.5-natives-osx.jar:/home/gxlg/.gradle/caches/modules-2/files-2.1/net.java.jinput/jinput-platform/2.0.5/385ee093e01f587f30ee1c8a2ee7d408fd732e16/jinput-platform-2.0.5-natives-windows.jar:/home/gxlg/.gradle/caches/modules-2/files-2.1/org.jline/jline-terminal/3.12.1/c777448314e050d980a6b697c140f3bfe9eb7416/jline-terminal-3.12.1.jar)
[20:42:11] [main/INFO] (Minecraft) Reloading ResourceManager: Default, Fabric Mods (Fabric Content Registries (v0), Fabric Particles (v1), Fabric Screen API (v1), Fabric Object Builder API (v1), Fabric Tool Attribute API (v1), Fabric Rendering Data Attachment (v1), Fabric API, Fabric Rendering (v0), Fabric Screen Handler API (v1), Fabric Object Builders (v0), Fabric Biome API (v1), Fabric Key Bindings (v0), Fabric Structure API (v1), Fabric Transfer API (v1), Fabric API Lookup API (v1), Fabric Renderer - Indigo, Fabric Resource Loader (v0), Fabric Registry Sync (v0), Fabric Renderer Registries (v1), Fabric Renderer API (v1), Fabric Entity Events (v1), Fabric Item API (v1), Librarian Getter, Fabric Rendering Fluids (v1), Fabric API Base, Fabric BlockRenderLayer Registration (v1), Fabric Containers (v0), Fabric Loot Tables (v1), Fabric Tag Extensions (v0), Fabric Game Rule API (v1), Fabric Loader, Fabric Events Lifecycle (v0), Fabric Command API (v1), Fabric Rendering (v1), Fabric Networking Block Entity (v0), Fabric Key Binding API (v1), Fabric Events Interaction (v0), Fabric Textures (v0), Fabric Models (v0), Fabric Lifecycle Events (v1), Fabric Networking (v0), Fabric Commands (v0), Fabric Item Groups (v0), Fabric Networking API (v1), Fabric Crash Report Info (v1), Fabric Dimensions API (v1), Fabric Mining Levels (v0))
[20:42:11] [Realms Notification Availability checker #1/INFO] (Minecraft) Could not authorize you against Realms server: Invalid session id
[20:42:17] [main/INFO] (Minecraft) OpenAL initialized.
[20:42:17] [main/INFO] (Minecraft) Sound engine started
[20:42:18] [main/INFO] (Minecraft) Created: 1024x1024x4 minecraft:textures/atlas/blocks.png-atlas
[20:42:18] [main/INFO] (Minecraft) Created: 256x128x4 minecraft:textures/atlas/signs.png-atlas
[20:42:18] [main/INFO] (Minecraft) Created: 1024x512x4 minecraft:textures/atlas/banner_patterns.png-atlas
[20:42:18] [main/INFO] (Minecraft) Created: 1024x512x4 minecraft:textures/atlas/shield_patterns.png-atlas
[20:42:18] [main/INFO] (Minecraft) Created: 256x256x4 minecraft:textures/atlas/chest.png-atlas
[20:42:18] [main/INFO] (Minecraft) Created: 512x256x4 minecraft:textures/atlas/beds.png-atlas
[20:42:18] [main/INFO] (Minecraft) Created: 512x256x4 minecraft:textures/atlas/shulker_boxes.png-atlas
[20:42:20] [main/INFO] (Minecraft) Created: 256x256x0 minecraft:textures/atlas/particles.png-atlas
[20:42:20] [main/INFO] (Minecraft) Created: 256x256x0 minecraft:textures/atlas/paintings.png-atlas
[20:42:20] [main/INFO] (Minecraft) Created: 256x128x0 minecraft:textures/atlas/mob_effects.png-atlas
[20:42:33] [main/WARN] (Minecraft) Ambiguity between arguments [teleport, destination] and [teleport, targets] with inputs: [Player, 0123, @e, dd12be42-52a9-4a91-a8a1-11c01849e498]
[20:42:33] [main/WARN] (Minecraft) Ambiguity between arguments [teleport, location] and [teleport, destination] with inputs: [0.1 -0.5 .9, 0 0 0]
[20:42:33] [main/WARN] (Minecraft) Ambiguity between arguments [teleport, location] and [teleport, targets] with inputs: [0.1 -0.5 .9, 0 0 0]
[20:42:33] [main/WARN] (Minecraft) Ambiguity between arguments [teleport, targets] and [teleport, destination] with inputs: [Player, 0123, dd12be42-52a9-4a91-a8a1-11c01849e498]
[20:42:33] [main/WARN] (Minecraft) Ambiguity between arguments [teleport, targets, location] and [teleport, targets, destination] with inputs: [0.1 -0.5 .9, 0 0 0]
[20:42:33] [main/INFO] (Minecraft) Reloading ResourceManager: Default, Fabric Mods (Fabric Tool Attribute API (v1))
[20:42:34] [main/INFO] (Minecraft) Loaded 7 recipes
[20:42:35] [main/INFO] (Minecraft) Loaded 927 advancements
[20:42:35] [main/INFO] (BiomeModificationImpl) Applied 0 biome modifications to 0 of 79 new biomes in 23.11 ms
[20:42:44] [main/WARN] (Minecraft) Ambiguity between arguments [teleport, destination] and [teleport, targets] with inputs: [Player, 0123, @e, dd12be42-52a9-4a91-a8a1-11c01849e498]
[20:42:44] [main/WARN] (Minecraft) Ambiguity between arguments [teleport, location] and [teleport, destination] with inputs: [0.1 -0.5 .9, 0 0 0]
[20:42:44] [main/WARN] (Minecraft) Ambiguity between arguments [teleport, location] and [teleport, targets] with inputs: [0.1 -0.5 .9, 0 0 0]
[20:42:44] [main/WARN] (Minecraft) Ambiguity between arguments [teleport, targets] and [teleport, destination] with inputs: [Player, 0123, dd12be42-52a9-4a91-a8a1-11c01849e498]
[20:42:44] [main/WARN] (Minecraft) Ambiguity between arguments [teleport, targets, location] and [teleport, targets, destination] with inputs: [0.1 -0.5 .9, 0 0 0]
[20:42:44] [main/INFO] (Minecraft) Reloading ResourceManager: Default, Fabric Mods (Fabric Tool Attribute API (v1))
[20:42:44] [main/INFO] (Minecraft) Loaded 7 recipes
[20:42:44] [main/INFO] (Minecraft) Loaded 927 advancements
[20:42:46] [main/INFO] (Minecraft) Environment: authHost='https://authserver.mojang.com', accountsHost='https://api.mojang.com', sessionHost='https://sessionserver.mojang.com', servicesHost='https://api.minecraftservices.com', name='PROD'
[20:42:46] [Server thread/INFO] (Minecraft) Starting integrated minecraft server version 1.16.5
[20:42:46] [Server thread/INFO] (Minecraft) Generating keypair
[20:42:47] [Server thread/INFO] (Minecraft) Preparing start region for dimension minecraft:overworld
[20:42:47] [main/INFO] (Minecraft) Preparing spawn area: 0%
[20:42:47] [main/INFO] (Minecraft) Preparing spawn area: 0%
[20:42:48] [main/INFO] (Minecraft) Preparing spawn area: 3%
[20:42:48] [main/INFO] (Minecraft) Preparing spawn area: 5%
[20:42:49] [main/INFO] (Minecraft) Preparing spawn area: 7%
[20:42:49] [main/INFO] (Minecraft) Preparing spawn area: 9%
[20:42:50] [main/INFO] (Minecraft) Preparing spawn area: 12%
[20:42:50] [main/INFO] (Minecraft) Preparing spawn area: 16%
[20:42:51] [main/INFO] (Minecraft) Preparing spawn area: 21%
[20:42:51] [main/INFO] (Minecraft) Preparing spawn area: 25%
[20:42:52] [main/INFO] (Minecraft) Preparing spawn area: 32%
[20:42:52] [main/INFO] (Minecraft) Preparing spawn area: 38%
[20:42:53] [main/INFO] (Minecraft) Preparing spawn area: 45%
[20:42:53] [main/INFO] (Minecraft) Preparing spawn area: 49%
[20:42:54] [main/INFO] (Minecraft) Preparing spawn area: 54%
[20:42:54] [main/INFO] (Minecraft) Preparing spawn area: 58%
[20:42:55] [main/INFO] (Minecraft) Preparing spawn area: 61%
[20:42:55] [main/INFO] (Minecraft) Preparing spawn area: 65%
[20:42:56] [main/INFO] (Minecraft) Preparing spawn area: 68%
[20:42:56] [main/INFO] (Minecraft) Preparing spawn area: 75%
[20:42:57] [main/INFO] (Minecraft) Preparing spawn area: 80%
[20:42:57] [main/INFO] (Minecraft) Preparing spawn area: 84%
[20:42:58] [main/INFO] (Minecraft) Preparing spawn area: 88%
[20:42:58] [main/INFO] (Minecraft) Preparing spawn area: 93%
[20:42:59] [main/INFO] (Minecraft) Preparing spawn area: 97%
[20:42:59] [main/INFO] (Minecraft) Time elapsed: 12144 ms
[20:42:59] [Server thread/INFO] (Minecraft) Changing view distance to 11, from 10
[20:42:59] [Server thread/INFO] (Minecraft) Player606[local:E:37dbfd3c] logged in with entity id 1 at (-104.5, 4.0, 88.5)
[20:42:59] [Server thread/INFO] (Minecraft) Player606 joined the game
[20:42:59] [Server thread/INFO] (Minecraft) Saving and pausing game...
[20:42:59] [Server thread/INFO] (Minecraft) Saving chunks for level 'ServerLevel[New World]'/minecraft:overworld
[20:43:00] [main/INFO] (Minecraft) Loaded 0 advancements
[20:43:00] [Server thread/INFO] (Minecraft) Saving chunks for level 'ServerLevel[New World]'/minecraft:the_nether
[20:43:00] [Server thread/INFO] (Minecraft) Saving chunks for level 'ServerLevel[New World]'/minecraft:the_end
[20:44:12] [main/INFO] (Minecraft) Loaded 15 advancements
[20:44:38] [main/INFO] (Minecraft) [CHAT] Villager selected
[20:44:40] [main/INFO] (Minecraft) [CHAT] Block selected
[20:44:46] [main/INFO] (Minecraft) [CHAT] LibrGetter process started to look for null
[20:44:47] [main/INFO] (Minecraft) [CHAT] Enchantment offered: none
[20:44:48] [main/INFO] (Minecraft) [CHAT] Enchantment offered: none
[20:44:49] [main/INFO] (Minecraft) [CHAT] Enchantment offered: minecraft:protection_3s
[20:44:50] [main/INFO] (Minecraft) [CHAT] Enchantment offered: minecraft:piercing_4s
[20:44:51] [main/INFO] (Minecraft) [CHAT] Enchantment offered: minecraft:protection_3s
[20:44:52] [main/INFO] (Minecraft) [CHAT] Enchantment offered: none
[20:44:53] [main/INFO] (Minecraft) [CHAT] Enchantment offered: minecraft:protection_2s
[20:44:53] [main/INFO] (Minecraft) [CHAT] Enchantment offered: minecraft:bane_of_arthropods_4s
[20:44:54] [main/INFO] (Minecraft) [CHAT] Enchantment offered: minecraft:silk_touch_1s
[20:44:56] [main/INFO] (Minecraft) [CHAT] Enchantment offered: minecraft:blast_protection_2s
[20:44:57] [main/INFO] (Minecraft) [CHAT] Enchantment offered: minecraft:infinity_1s
[20:44:57] [main/INFO] (Minecraft) [CHAT] Enchantment offered: minecraft:flame_1s
[20:44:59] [main/INFO] (Minecraft) [CHAT] Enchantment offered: minecraft:respiration_2s
[20:45:00] [main/INFO] (Minecraft) [CHAT] Enchantment offered: minecraft:protection_1s
[20:45:01] [main/INFO] (Minecraft) [CHAT] Enchantment offered: minecraft:frost_walker_2s
[20:45:02] [main/INFO] (Minecraft) [CHAT] Successfully stopped the process
[20:45:06] [Server thread/INFO] (Minecraft) Saving and pausing game...
[20:45:06] [Server thread/INFO] (Minecraft) Saving chunks for level 'ServerLevel[New World]'/minecraft:overworld
[20:45:07] [Server thread/INFO] (Minecraft) Saving chunks for level 'ServerLevel[New World]'/minecraft:the_nether
[20:45:07] [Server thread/INFO] (Minecraft) Saving chunks for level 'ServerLevel[New World]'/minecraft:the_end
[20:45:07] [Server thread/INFO] (Minecraft) Player606 lost connection: Disconnected
[20:45:07] [Server thread/INFO] (Minecraft) Player606 left the game
[20:45:07] [Server thread/INFO] (Minecraft) Stopping singleplayer server as player logged out
[20:45:07] [Server thread/INFO] (Minecraft) Stopping server
[20:45:07] [Server thread/INFO] (Minecraft) Saving players
[20:45:07] [Server thread/INFO] (Minecraft) Saving worlds
[20:45:07] [Server thread/INFO] (Minecraft) Saving chunks for level 'ServerLevel[New World]'/minecraft:overworld
[20:45:07] [Server thread/INFO] (Minecraft) ThreadedAnvilChunkStorage (New World): All chunks are saved
[20:45:07] [Server thread/INFO] (Minecraft) Saving chunks for level 'ServerLevel[New World]'/minecraft:the_nether
[20:45:07] [Server thread/INFO] (Minecraft) ThreadedAnvilChunkStorage (DIM-1): All chunks are saved
[20:45:07] [Server thread/INFO] (Minecraft) Saving chunks for level 'ServerLevel[New World]'/minecraft:the_end
[20:45:07] [Server thread/INFO] (Minecraft) ThreadedAnvilChunkStorage (DIM1): All chunks are saved
[20:45:07] [Server thread/INFO] (Minecraft) ThreadedAnvilChunkStorage (New World): All chunks are saved
[20:45:08] [Server thread/INFO] (Minecraft) ThreadedAnvilChunkStorage (DIM-1): All chunks are saved
[20:45:08] [Server thread/INFO] (Minecraft) ThreadedAnvilChunkStorage (DIM1): All chunks are saved
[20:45:09] [main/INFO] (Minecraft) Stopping!
